<?xml version="1.0" encoding="UTF-8"?>
<!-- Generated by org.testng.reporters.JUnitXMLReporter -->
<testsuite ignored="0" hostname="DESKTOP-IQJB3FI" failures="0" tests="5" name="Default test" time="0.093" errors="0" timestamp="2024-04-19T21:04:06 IST">
  <testcase classname="com.actitime.testscript.CustomerModule" name="CreateCustomer" time="0.013"/>
  <testcase classname="com.actitime.testscript.CustomerModule" name="CreateCustomer" time="0.002"/>
  <testcase classname="com.actitime.testscript.CustomerModule" name="CreateCustomer" time="0.001"/>
  <testcase classname="com.actitime.testscript.CustomerModule" name="modifyCustomer" time="0.002"/>
  <testcase classname="com.actitime.testscript.CustomerModule" name="deleteCustomer" time="0.001"/>
</testsuite> <!-- Default test -->
