<?xml version="1.0" encoding="UTF-8"?>
<!-- Generated by org.testng.reporters.JUnitXMLReporter -->
<testsuite ignored="0" hostname="DESKTOP-IQJB3FI" failures="0" tests="1" name="Test" time="2.67" errors="0" timestamp="2024-04-20T15:20:16 IST">
  <testcase classname="com.actitime.generic.BaseClass" name="@BeforeMethod login" time="0.004">
    <failure type="java.io.FileNotFoundException" message=".\data\commondata.property (The system cannot find the file specified)">
      <![CDATA[java.io.FileNotFoundException: .\data\commondata.property (The system cannot find the file specified)
at java.base/java.io.FileInputStream.open0(Native Method)
at java.base/java.io.FileInputStream.open(FileInputStream.java:219)
at java.base/java.io.FileInputStream.<init>(FileInputStream.java:158)
at java.base/java.io.FileInputStream.<init>(FileInputStream.java:112)
at com.actitime.generic.FileLib.getpropertyData(FileLib.java:13)
at com.actitime.generic.BaseClass.login(BaseClass.java:36)
at java.base/java.util.ArrayList.forEach(ArrayList.java:1511)
... Removed 29 stack frames]]>
    </failure>
  </testcase> <!-- @BeforeMethod login -->
  <testcase classname="com.actitime.testscript1.CustomerModule" name="testCreateCustomer" time="0.0">
    <skipped/>
  </testcase> <!-- testCreateCustomer -->
</testsuite> <!-- Test -->
